<?xml version="1.0" encoding="UTF-8"?>
<!-- Generated by org.testng.reporters.JUnitXMLReporter -->
<testsuite hostname="LAPTOP-OQDN2K3N" ignored="0" name="Command line test" tests="3" failures="1" timestamp="19 四月 2019 09:36:54 GMT" time="0.065" errors="0">
  <testcase name="testAdd" time="0.004" classname="pipline_test.MyUtilsTest"/>
  <testcase name="testMul" time="0.0" classname="pipline_test.MyUtilsTest">
    <failure type="java.lang.AssertionError" message="expected:&amp;lt;2.0&amp;gt; but was:&amp;lt;1.0&amp;gt;">
      <![CDATA[java.lang.AssertionError: expected:<2.0> but was:<1.0>
	at org.junit.Assert.fail(Assert.java:88)
	at org.junit.Assert.failNotEquals(Assert.java:834)
	at org.junit.Assert.assertEquals(Assert.java:553)
	at org.junit.Assert.assertEquals(Assert.java:683)
	at pipline_test.MyUtilsTest.testMul(MyUtilsTest.java:38)
... Removed 34 stack frames]]>
    </failure>
  </testcase> <!-- testMul -->
  <testcase name="testSub" time="0.0" classname="pipline_test.MyUtilsTest"/>
</testsuite> <!-- Command line test -->
